[10:41:26] [main/INFO] [LaunchWrapper]: Loading tweak class name cpw.mods.fml.common.launcher.FMLTweaker
[10:41:26] [main/ERROR] [LaunchWrapper]: Unable to launch
java.lang.ClassNotFoundException: cpw.mods.fml.common.launcher.FMLTweaker
	at java.net.URLClassLoader$1.run(URLClassLoader.java:372) ~[?:1.8.0_20]
	at java.net.URLClassLoader$1.run(URLClassLoader.java:361) ~[?:1.8.0_20]
	at java.security.AccessController.doPrivileged(Native Method) ~[?:1.8.0_20]
	at java.net.URLClassLoader.findClass(URLClassLoader.java:360) ~[?:1.8.0_20]
	at java.lang.ClassLoader.loadClass(ClassLoader.java:424) ~[?:1.8.0_20]
	at sun.misc.Launcher$AppClassLoader.loadClass(Launcher.java:308) ~[?:1.8.0_20]
	at java.lang.ClassLoader.loadClass(ClassLoader.java:357) ~[?:1.8.0_20]
	at net.minecraft.launchwrapper.LaunchClassLoader.findClass(LaunchClassLoader.java:106) ~[launchwrapper-1.11.jar:?]
	at java.lang.ClassLoader.loadClass(ClassLoader.java:424) ~[?:1.8.0_20]
	at java.lang.ClassLoader.loadClass(ClassLoader.java:357) ~[?:1.8.0_20]
	at java.lang.Class.forName0(Native Method) ~[?:1.8.0_20]
	at java.lang.Class.forName(Class.java:340) ~[?:1.8.0_20]
	at net.minecraft.launchwrapper.Launch.launch(Launch.java:98) [launchwrapper-1.11.jar:?]
	at net.minecraft.launchwrapper.Launch.main(Launch.java:28) [launchwrapper-1.11.jar:?]
[10:42:28] [main/INFO] [LaunchWrapper]: Loading tweak class name net.minecraftforge.fml.common.launcher.FMLTweaker
[10:42:28] [main/INFO] [LaunchWrapper]: Using primary tweak class name net.minecraftforge.fml.common.launcher.FMLTweaker
[10:42:28] [main/INFO] [LaunchWrapper]: Calling tweak class net.minecraftforge.fml.common.launcher.FMLTweaker
[10:43:25] [main/INFO] [LaunchWrapper]: Loading tweak class name net.minecraftforge.fml.common.launcher.FMLTweaker
[10:43:25] [main/INFO] [LaunchWrapper]: Using primary tweak class name net.minecraftforge.fml.common.launcher.FMLTweaker
[10:43:25] [main/INFO] [LaunchWrapper]: Calling tweak class net.minecraftforge.fml.common.launcher.FMLTweaker
